<?xml version="1.0" encoding="UTF-8"?>
<!-- Generated by org.testng.reporters.JUnitReportReporter -->
<testsuite name="com.apetkova.web.tests.general.BasicTests" tests="3" time="48.698" ignored="0" failures="0" timestamp="14 Dec 2016 13:14:04 GMT" skipped="0" hostname="bu06lt2p10z8" errors="0">
  <testcase name="defaultStateTest" time="13.610" classname="com.apetkova.web.tests.general.BasicTests"/>
  <testcase name="openHelpTest" time="17.305" classname="com.apetkova.web.tests.general.BasicTests"/>
  <testcase name="closePanelTest" time="17.783" classname="com.apetkova.web.tests.general.BasicTests"/>
</testsuite> <!-- com.apetkova.web.tests.general.BasicTests -->
