<?xml version="1.0" encoding="UTF-8"?>
<!-- Generated by org.testng.reporters.JUnitReportReporter -->
<testsuite skipped="0" ignored="0" name="com.apetkova.web.tests.general.StopCopyingTests" tests="1" failures="0" timestamp="14 Dec 2016 21:08:25 GMT" time="45.586" errors="0">
  <testcase name="stopCopyingTest" time="45.586" classname="com.apetkova.web.tests.general.StopCopyingTests"/>
</testsuite> <!-- com.apetkova.web.tests.general.StopCopyingTests -->
