<?xml version="1.0" encoding="UTF-8"?>
<!-- Generated by org.testng.reporters.JUnitReportReporter -->
<testsuite skipped="0" ignored="8" name="com.apetkova.web.tests.BasicTests" tests="3" failures="0" timestamp="14 Dec 2016 21:36:20 GMT" time="46.591" errors="0">
  <testcase name="defaultStateTest" time="14.460" classname="com.apetkova.web.tests.BasicTests"/>
  <testcase name="closePanelTest" time="16.240" classname="com.apetkova.web.tests.BasicTests"/>
  <testcase name="openHelpTest" time="15.891" classname="com.apetkova.web.tests.BasicTests"/>
  <testcase name="startDriver" classname="com.apetkova.web.tests.AbstractTest">
    <skipped/>
  </testcase> <!-- startDriver -->
  <testcase name="startDriver" classname="com.apetkova.web.tests.AbstractTest">
    <skipped/>
  </testcase> <!-- startDriver -->
  <testcase name="startDriver" classname="com.apetkova.web.tests.AbstractTest">
    <skipped/>
  </testcase> <!-- startDriver -->
  <testcase name="startDriver" classname="com.apetkova.web.tests.AbstractTest">
    <skipped/>
  </testcase> <!-- startDriver -->
  <testcase name="closeBrowser" classname="com.apetkova.web.tests.AbstractTest">
    <skipped/>
  </testcase> <!-- closeBrowser -->
  <testcase name="closeBrowser" classname="com.apetkova.web.tests.AbstractTest">
    <skipped/>
  </testcase> <!-- closeBrowser -->
  <testcase name="closeBrowser" classname="com.apetkova.web.tests.AbstractTest">
    <skipped/>
  </testcase> <!-- closeBrowser -->
  <testcase name="closeBrowser" classname="com.apetkova.web.tests.AbstractTest">
    <skipped/>
  </testcase> <!-- closeBrowser -->
</testsuite> <!-- com.apetkova.web.tests.BasicTests -->
